# JRE version: OpenJDK Runtime Environment (11.0.12+7) (build 11.0.12+7-b1504.28-7817840)
# Java VM: OpenJDK 64-Bit Server VM (11.0.12+7-b1504.28-7817840, mixed mode, tiered, compressed oops, g1 gc, windows-amd64)
Heap:
 garbage-first heap   total 155648K, used 98094K [0x0000000080000000, 0x0000000100000000)
  region size 1024K, 44 young (45056K), 7 survivors (7168K)
 Metaspace       used 75970K, capacity 77606K, committed 77740K, reserved 1116160K
  class space    used 9814K, capacity 10438K, committed 10496K, reserved 1048576K
GC Heap History (20 events):
Event: 10.672 GC heap before
{Heap before GC invocations=8 (full 0):
 garbage-first heap   total 129024K, used 69810K [0x0000000080000000, 0x0000000100000000)
  region size 1024K, 55 young (56320K), 5 survivors (5120K)
 Metaspace       used 30633K, capacity 31334K, committed 31616K, reserved 1077248K
  class space    used 4103K, capacity 4377K, committed 4480K, reserved 1048576K
}
Event: 10.682 GC heap after
{Heap after GC invocations=9 (full 0):
 garbage-first heap   total 129024K, used 20129K [0x0000000080000000, 0x0000000100000000)
  region size 1024K, 4 young (4096K), 4 survivors (4096K)
 Metaspace       used 30633K, capacity 31334K, committed 31616K, reserved 1077248K
  class space    used 4103K, capacity 4377K, committed 4480K, reserved 1048576K
}
Event: 11.721 GC heap before
{Heap before GC invocations=9 (full 0):
 garbage-first heap   total 129024K, used 32417K [0x0000000080000000, 0x0000000100000000)
  region size 1024K, 17 young (17408K), 4 survivors (4096K)
 Metaspace       used 34915K, capacity 35722K, committed 35840K, reserved 1081344K
  class space    used 4531K, capacity 4839K, committed 4864K, reserved 1048576K
}
Event: 11.746 GC heap after
{Heap after GC invocations=10 (full 0):
 garbage-first heap   total 129024K, used 21925K [0x0000000080000000, 0x0000000100000000)
  region size 1024K, 6 young (6144K), 6 survivors (6144K)
 Metaspace       used 34915K, capacity 35722K, committed 35840K, reserved 1081344K
  class space    used 4531K, capacity 4839K, committed 4864K, reserved 1048576K
}
Event: 13.788 GC heap before
{Heap before GC invocations=11 (full 0):
 garbage-first heap   total 129024K, used 76197K [0x0000000080000000, 0x0000000100000000)
  region size 1024K, 57 young (58368K), 6 survivors (6144K)
 Metaspace       used 39316K, capacity 40213K, committed 40448K, reserved 1085440K
  class space    used 5017K, capacity 5353K, committed 5376K, reserved 1048576K
}
Event: 13.805 GC heap after
{Heap after GC invocations=12 (full 0):
 garbage-first heap   total 129024K, used 26543K [0x0000000080000000, 0x0000000100000000)
  region size 1024K, 8 young (8192K), 8 survivors (8192K)
 Metaspace       used 39316K, capacity 40213K, committed 40448K, reserved 1085440K
  class space    used 5017K, capacity 5353K, committed 5376K, reserved 1048576K
}
Event: 15.927 GC heap before
{Heap before GC invocations=12 (full 0):
 garbage-first heap   total 129024K, used 81839K [0x0000000080000000, 0x0000000100000000)
  region size 1024K, 62 young (63488K), 8 survivors (8192K)
 Metaspace       used 44377K, capacity 45368K, committed 45568K, reserved 1089536K
  class space    used 5680K, capacity 6057K, committed 6144K, reserved 1048576K
}
Event: 15.944 GC heap after
{Heap after GC invocations=13 (full 0):
 garbage-first heap   total 155648K, used 28998K [0x0000000080000000, 0x0000000100000000)
  region size 1024K, 4 young (4096K), 4 survivors (4096K)
 Metaspace       used 44377K, capacity 45368K, committed 45568K, reserved 1089536K
  class space    used 5680K, capacity 6057K, committed 6144K, reserved 1048576K
}
Event: 19.353 GC heap before
{Heap before GC invocations=13 (full 0):
 garbage-first heap   total 155648K, used 112966K [0x0000000080000000, 0x0000000100000000)
  region size 1024K, 84 young (86016K), 4 survivors (4096K)
 Metaspace       used 48572K, capacity 49727K, committed 49920K, reserved 1093632K
  class space    used 6204K, capacity 6652K, committed 6656K, reserved 1048576K
}
Event: 19.365 GC heap after
{Heap after GC invocations=14 (full 0):
 garbage-first heap   total 155648K, used 37582K [0x0000000080000000, 0x0000000100000000)
  region size 1024K, 9 young (9216K), 9 survivors (9216K)
 Metaspace       used 48572K, capacity 49727K, committed 49920K, reserved 1093632K
  class space    used 6204K, capacity 6652K, committed 6656K, reserved 1048576K
}
Event: 22.814 GC heap before
{Heap before GC invocations=14 (full 0):
 garbage-first heap   total 155648K, used 118478K [0x0000000080000000, 0x0000000100000000)
  region size 1024K, 84 young (86016K), 9 survivors (9216K)
 Metaspace       used 57693K, capacity 59050K, committed 59392K, reserved 1101824K
  class space    used 7330K, capacity 7840K, committed 7936K, reserved 1048576K
}
Event: 22.831 GC heap after
{Heap after GC invocations=15 (full 0):
 garbage-first heap   total 155648K, used 49589K [0x0000000080000000, 0x0000000100000000)
  region size 1024K, 7 young (7168K), 7 survivors (7168K)
 Metaspace       used 57693K, capacity 59050K, committed 59392K, reserved 1101824K
  class space    used 7330K, capacity 7840K, committed 7936K, reserved 1048576K
}
Event: 23.111 GC heap before
{Heap before GC invocations=15 (full 0):
 garbage-first heap   total 155648K, used 55733K [0x0000000080000000, 0x0000000100000000)
  region size 1024K, 14 young (14336K), 7 survivors (7168K)
 Metaspace       used 58465K, capacity 59802K, committed 59948K, reserved 1101824K
  class space    used 7445K, capacity 7986K, committed 8064K, reserved 1048576K
}
Event: 23.121 GC heap after
{Heap after GC invocations=16 (full 0):
 garbage-first heap   total 155648K, used 50647K [0x0000000080000000, 0x0000000100000000)
  region size 1024K, 1 young (1024K), 1 survivors (1024K)
 Metaspace       used 58465K, capacity 59802K, committed 59948K, reserved 1101824K
  class space    used 7445K, capacity 7986K, committed 8064K, reserved 1048576K
}
Event: 25.151 GC heap before
{Heap before GC invocations=17 (full 0):
 garbage-first heap   total 155648K, used 100823K [0x0000000080000000, 0x0000000100000000)
  region size 1024K, 51 young (52224K), 1 survivors (1024K)
 Metaspace       used 63537K, capacity 65006K, committed 65196K, reserved 1105920K
  class space    used 8063K, capacity 8649K, committed 8704K, reserved 1048576K
}
Event: 25.164 GC heap after
{Heap after GC invocations=18 (full 0):
 garbage-first heap   total 155648K, used 54606K [0x0000000080000000, 0x0000000100000000)
  region size 1024K, 5 young (5120K), 5 survivors (5120K)
 Metaspace       used 63537K, capacity 65006K, committed 65196K, reserved 1105920K
  class space    used 8063K, capacity 8649K, committed 8704K, reserved 1048576K
}
Event: 27.146 GC heap before
{Heap before GC invocations=18 (full 0):
 garbage-first heap   total 155648K, used 106830K [0x0000000080000000, 0x0000000100000000)
  region size 1024K, 56 young (57344K), 5 survivors (5120K)
 Metaspace       used 67891K, capacity 69351K, committed 69548K, reserved 1110016K
  class space    used 8636K, capacity 9211K, committed 9216K, reserved 1048576K
}
Event: 27.159 GC heap after
{Heap after GC invocations=19 (full 0):
 garbage-first heap   total 155648K, used 57720K [0x0000000080000000, 0x0000000100000000)
  region size 1024K, 4 young (4096K), 4 survivors (4096K)
 Metaspace       used 67891K, capacity 69351K, committed 69548K, reserved 1110016K
  class space    used 8636K, capacity 9211K, committed 9216K, reserved 1048576K
}
Event: 28.605 GC heap before
{Heap before GC invocations=19 (full 0):
 garbage-first heap   total 155648K, used 109944K [0x0000000080000000, 0x0000000100000000)
  region size 1024K, 55 young (56320K), 4 survivors (4096K)
 Metaspace       used 70949K, capacity 72612K, committed 72876K, reserved 1112064K
  class space    used 9098K, capacity 9704K, committed 9728K, reserved 1048576K
}
Event: 28.616 GC heap after
{Heap after GC invocations=20 (full 0):
 garbage-first heap   total 155648K, used 61230K [0x0000000080000000, 0x0000000100000000)
  region size 1024K, 7 young (7168K), 7 survivors (7168K)
 Metaspace       used 70949K, capacity 72612K, committed 72876K, reserved 1112064K
  class space    used 9098K, capacity 9704K, committed 9728K, reserved 1048576K
}

